<?xml version="1.0" encoding="UTF-8"?>
<!-- Generated by org.testng.reporters.JUnitReportReporter -->
<testsuite hostname="LAPTOP-AHA78SJE" failures="0" tests="1" name="Contact.DeleteContactTest" time="18.254" errors="0" timestamp="2022-01-18T17:36:52 IST" skipped="0">
  <testcase classname="Contact.DeleteContactTest" name="deletecontact" time="18.254"/>
  <system-out/>
</testsuite> <!-- Contact.DeleteContactTest -->
