<?xml version="1.0" encoding="UTF-8"?>
<!-- Generated by org.testng.reporters.JUnitReportReporter -->
<testsuite hostname="LAPTOP-AHA78SJE" failures="0" tests="3" name="practice.CreateContactTest" time="0.007" errors="0" timestamp="2022-01-18T12:05:03 IST" skipped="0">
  <testcase classname="practice.CreateContactTest" name="org" time="0.004"/>
  <system-out/>
  <testcase classname="practice.CreateContactTest" name="contact" time="0.002"/>
  <system-out/>
  <testcase classname="practice.CreateContactTest" name="product" time="0.001"/>
  <system-out/>
</testsuite> <!-- practice.CreateContactTest -->
